2025-07-03 19:34:47 [[32minfo[39m]: Server is running on http://localhost:3000
2025-07-03 19:35:18 [[32minfo[39m]: Server is running on http://localhost:3000
2025-07-03 19:37:39 [[32minfo[39m]: Server is running on http://localhost:3000
2025-07-03 19:37:45 [[32minfo[39m]: Server is running on http://localhost:3000
2025-07-03 19:37:57 [[32minfo[39m]: Server is running on http://localhost:3000
2025-07-03 19:38:12 [[32minfo[39m]: Server is running on http://localhost:3000
2025-07-03 19:38:12 [[32minfo[39m]: ✅ Prisma connected successfully.
2025-07-03 19:38:30 [[32minfo[39m]: Server is running on http://localhost:3000
2025-07-03 19:38:30 [[32minfo[39m]: ✅ Prisma connected successfully.
2025-07-03 19:39:26 [[32minfo[39m]: Server is running on http://localhost:3000
2025-07-03 19:39:26 [[32minfo[39m]: ✅ Prisma connected successfully.
2025-07-03 19:40:16 [[32minfo[39m]: Server is running on http://localhost:3000
2025-07-03 19:40:16 [[32minfo[39m]: ✅ Prisma connected successfully.
2025-07-03 19:40:20 [[32minfo[39m]: Server is running on http://localhost:3000
2025-07-03 19:40:20 [[32minfo[39m]: ✅ Prisma connected successfully.
2025-07-03 19:40:36 [[32minfo[39m]: Server is running on http://localhost:3000
2025-07-03 19:40:36 [[32minfo[39m]: ✅ Prisma connected successfully.
2025-07-03 19:40:47 [[32minfo[39m]: Server is running on http://localhost:3000
2025-07-03 19:40:47 [[32minfo[39m]: ✅ Prisma connected successfully.
2025-07-03 19:41:11 [[32minfo[39m]: Server is running on http://localhost:3000
2025-07-03 19:41:11 [[32minfo[39m]: ✅ Prisma connected successfully.
2025-07-03 19:41:15 [[32minfo[39m]: Server is running on http://localhost:3000
2025-07-03 19:41:15 [[32minfo[39m]: ✅ Prisma connected successfully.
2025-07-03 19:41:23 [[32minfo[39m]: Server is running on http://localhost:3000
2025-07-03 19:41:23 [[32minfo[39m]: ✅ Prisma connected successfully.
2025-07-03 19:41:34 [[31merror[39m]: ❌ Redis failed to connect: Reached the max retries per request limit (which is 20). Refer to "maxRetriesPerRequest" option for details.
2025-07-03 19:42:58 [[32minfo[39m]: Server is running on http://localhost:3000
2025-07-03 19:42:58 [[32minfo[39m]: ✅ Prisma connected successfully.
2025-07-03 19:42:58 [[32minfo[39m]: ✅ Redis connected successfully.
2025-07-03 19:43:38 [[32minfo[39m]: Server is running on http://localhost:3000
2025-07-03 19:43:38 [[32minfo[39m]: ✅ Prisma connected successfully.
2025-07-03 19:43:38 [[32minfo[39m]: ✅ Redis connected successfully.
2025-07-03 19:43:45 [[32minfo[39m]: Server is running on http://localhost:3000
2025-07-03 19:43:45 [[32minfo[39m]: ✅ Prisma connected successfully.
2025-07-03 19:44:15 [[32minfo[39m]: Server is running on http://localhost:3000
2025-07-03 19:44:16 [[32minfo[39m]: ✅ Prisma connected successfully.
2025-07-03 19:44:32 [[32minfo[39m]: Server is running on http://localhost:3000
2025-07-03 19:44:32 [[32minfo[39m]: ✅ Prisma connected successfully.
2025-07-03 19:44:51 [[32minfo[39m]: Server is running on http://localhost:3000
2025-07-03 19:44:51 [[32minfo[39m]: ✅ Prisma connected successfully.
2025-07-03 19:44:56 [[32minfo[39m]: Server is running on http://localhost:3000
2025-07-03 19:44:56 [[32minfo[39m]: ✅ Prisma connected successfully.
2025-07-03 19:45:06 [[32minfo[39m]: Server is running on http://localhost:3000
2025-07-03 19:45:06 [[32minfo[39m]: ✅ Prisma connected successfully.
2025-07-03 19:54:49 [[32minfo[39m]: Server is running on http://localhost:3000
2025-07-03 19:54:49 [[32minfo[39m]: ✅ Prisma connected successfully.
2025-07-03 20:01:02 [[32minfo[39m]: Server is running on http://localhost:3000
2025-07-03 20:01:02 [[32minfo[39m]: ✅ Prisma connected successfully.
2025-07-03 20:01:49 [[32minfo[39m]: Server is running on http://localhost:3000
2025-07-03 20:01:49 [[32minfo[39m]: ✅ Prisma connected successfully.
2025-07-03 20:02:14 [[32minfo[39m]: Server is running on http://localhost:3000
2025-07-03 20:02:14 [[32minfo[39m]: ✅ Prisma connected successfully.
2025-07-03 20:02:14 [[32minfo[39m]: ✅ Redis connected successfully.
2025-07-03 20:02:22 [[32minfo[39m]: Server is running on http://localhost:3000
2025-07-03 20:02:22 [[32minfo[39m]: ✅ Prisma connected successfully.
2025-07-03 20:02:22 [[32minfo[39m]: ✅ Redis connected successfully.
2025-07-03 20:03:10 [[32minfo[39m]: Server is running on http://localhost:3000
2025-07-03 20:03:10 [[32minfo[39m]: ✅ Prisma connected successfully.
2025-07-03 20:03:10 [[32minfo[39m]: ✅ Redis connected successfully.
2025-07-03 20:03:58 [[32minfo[39m]: Server is running on http://localhost:3000
2025-07-03 20:03:58 [[32minfo[39m]: ✅ Prisma connected successfully.
2025-07-03 20:03:58 [[32minfo[39m]: ✅ Redis connected successfully.
2025-07-03 20:04:38 [[32minfo[39m]: Server is running on http://localhost:3000
2025-07-03 20:04:38 [[32minfo[39m]: ✅ Prisma connected successfully.
2025-07-03 20:04:38 [[32minfo[39m]: ✅ Redis connected successfully.
2025-07-03 20:05:04 [[32minfo[39m]: Server is running on http://localhost:3000
2025-07-03 20:05:04 [[32minfo[39m]: ✅ Prisma connected successfully.
2025-07-03 20:05:04 [[32minfo[39m]: ✅ Redis connected successfully.
2025-07-03 20:06:48 [[32minfo[39m]: Server is running on http://localhost:3000
2025-07-03 20:06:48 [[32minfo[39m]: ✅ Prisma connected successfully.
2025-07-03 20:06:48 [[32minfo[39m]: ✅ Redis connected successfully.
2025-07-03 20:07:18 [[32minfo[39m]: Server is running on http://localhost:3000
2025-07-03 20:07:18 [[32minfo[39m]: ✅ Prisma connected successfully.
2025-07-03 20:07:18 [[32minfo[39m]: ✅ Redis connected successfully.
2025-07-03 20:07:38 [[32minfo[39m]: Server is running on http://localhost:3000
2025-07-03 20:07:38 [[32minfo[39m]: ✅ Prisma connected successfully.
2025-07-03 20:07:38 [[32minfo[39m]: ✅ Redis connected successfully.
2025-07-03 21:04:05 [[32minfo[39m]: Server is running on http://localhost:3000
2025-07-03 21:04:06 [[32minfo[39m]: ✅ Prisma connected successfully.
2025-07-03 21:04:06 [[32minfo[39m]: ✅ Redis connected successfully.
2025-07-03 21:04:27 [[32minfo[39m]: Server is running on http://localhost:3000
2025-07-03 21:04:27 [[32minfo[39m]: ✅ Prisma connected successfully.
2025-07-03 21:04:27 [[32minfo[39m]: ✅ Redis connected successfully.
2025-07-03 21:05:39 [[32minfo[39m]: Server is running on http://localhost:3000
2025-07-03 21:05:39 [[32minfo[39m]: ✅ Prisma connected successfully.
2025-07-03 21:05:39 [[32minfo[39m]: ✅ Redis connected successfully.
2025-07-03 21:06:03 [[32minfo[39m]: Server is running on http://localhost:3000
2025-07-03 21:06:03 [[32minfo[39m]: ✅ Prisma connected successfully.
2025-07-03 21:06:03 [[32minfo[39m]: ✅ Redis connected successfully.
2025-07-03 21:06:19 [[32minfo[39m]: Server is running on http://localhost:3000
2025-07-03 21:06:19 [[32minfo[39m]: ✅ Prisma connected successfully.
2025-07-03 21:06:19 [[32minfo[39m]: ✅ Redis connected successfully.
2025-07-03 21:06:51 [[32minfo[39m]: Server is running on http://localhost:3000
2025-07-03 21:06:51 [[32minfo[39m]: ✅ Prisma connected successfully.
2025-07-03 21:06:51 [[32minfo[39m]: ✅ Redis connected successfully.
2025-07-03 21:07:15 [[32minfo[39m]: Server is running on http://localhost:3000
2025-07-03 21:07:15 [[32minfo[39m]: ✅ Prisma connected successfully.
2025-07-03 21:07:15 [[32minfo[39m]: ✅ Redis connected successfully.
2025-07-03 21:09:29 [[32minfo[39m]: Server is running on http://localhost:3000
2025-07-03 21:09:29 [[32minfo[39m]: ✅ Prisma connected successfully.
2025-07-03 21:09:29 [[32minfo[39m]: ✅ Redis connected successfully.
2025-07-03 21:10:42 [[32minfo[39m]: Server is running on http://localhost:3000
2025-07-03 21:10:42 [[32minfo[39m]: ✅ Prisma connected successfully.
2025-07-03 21:10:42 [[32minfo[39m]: ✅ Redis connected successfully.
2025-07-03 21:10:48 [[32minfo[39m]: Server is running on http://localhost:3000
2025-07-03 21:10:48 [[32minfo[39m]: ✅ Prisma connected successfully.
2025-07-03 21:10:48 [[32minfo[39m]: ✅ Redis connected successfully.
2025-07-03 21:10:56 [[32minfo[39m]: Server is running on http://localhost:3000
2025-07-03 21:10:56 [[32minfo[39m]: ✅ Prisma connected successfully.
2025-07-03 21:10:56 [[32minfo[39m]: ✅ Redis connected successfully.
2025-07-03 21:11:19 [[32minfo[39m]: Server is running on http://localhost:3000
2025-07-03 21:11:19 [[32minfo[39m]: ✅ Prisma connected successfully.
2025-07-03 21:11:19 [[32minfo[39m]: ✅ Redis connected successfully.
2025-07-03 21:11:34 [[32minfo[39m]: Server is running on http://localhost:3000
2025-07-03 21:11:34 [[32minfo[39m]: ✅ Prisma connected successfully.
2025-07-03 21:11:34 [[32minfo[39m]: ✅ Redis connected successfully.
2025-07-03 21:14:15 [[32minfo[39m]: Server is running on http://localhost:3000
2025-07-03 21:14:15 [[32minfo[39m]: ✅ Prisma connected successfully.
2025-07-03 21:14:15 [[32minfo[39m]: ✅ Redis connected successfully.
2025-07-03 21:15:03 [[32minfo[39m]: Server is running on http://localhost:3000
2025-07-03 21:15:03 [[32minfo[39m]: ✅ Prisma connected successfully.
2025-07-03 21:15:03 [[32minfo[39m]: ✅ Redis connected successfully.
2025-07-03 21:15:14 [[32minfo[39m]: Server is running on http://localhost:3000
2025-07-03 21:15:14 [[32minfo[39m]: ✅ Prisma connected successfully.
2025-07-03 21:15:14 [[32minfo[39m]: ✅ Redis connected successfully.
2025-07-03 21:15:46 [[32minfo[39m]: Server is running on http://localhost:3000
2025-07-03 21:15:46 [[32minfo[39m]: ✅ Prisma connected successfully.
2025-07-03 21:15:46 [[32minfo[39m]: ✅ Redis connected successfully.
2025-07-03 21:16:09 [[32minfo[39m]: Server is running on http://localhost:3000
2025-07-03 21:16:09 [[32minfo[39m]: ✅ Prisma connected successfully.
2025-07-03 21:16:09 [[32minfo[39m]: ✅ Redis connected successfully.
2025-07-03 21:16:21 [[32minfo[39m]: Server is running on http://localhost:3000
2025-07-03 21:16:21 [[32minfo[39m]: ✅ Prisma connected successfully.
2025-07-03 21:16:21 [[32minfo[39m]: ✅ Redis connected successfully.
2025-07-03 21:16:40 [[32minfo[39m]: Server is running on http://localhost:3000
2025-07-03 21:16:40 [[32minfo[39m]: ✅ Prisma connected successfully.
2025-07-03 21:16:40 [[32minfo[39m]: ✅ Redis connected successfully.
2025-07-03 21:16:44 [[32minfo[39m]: Server is running on http://localhost:3000
2025-07-03 21:16:44 [[32minfo[39m]: ✅ Prisma connected successfully.
2025-07-03 21:16:44 [[32minfo[39m]: ✅ Redis connected successfully.
2025-07-03 21:17:14 [[32minfo[39m]: Server is running on http://localhost:3000
2025-07-03 21:17:14 [[32minfo[39m]: ✅ Prisma connected successfully.
2025-07-03 21:17:14 [[32minfo[39m]: ✅ Redis connected successfully.
2025-07-03 21:17:55 [[32minfo[39m]: Server is running on http://localhost:3000
2025-07-03 21:17:55 [[32minfo[39m]: ✅ Prisma connected successfully.
2025-07-03 21:17:55 [[32minfo[39m]: ✅ Redis connected successfully.
2025-07-03 21:18:50 [[32minfo[39m]: Server is running on http://localhost:3000
2025-07-03 21:18:50 [[32minfo[39m]: ✅ Prisma connected successfully.
2025-07-03 21:18:50 [[32minfo[39m]: ✅ Redis connected successfully.
2025-07-03 21:18:55 [[32minfo[39m]: Server is running on http://localhost:3000
2025-07-03 21:18:55 [[32minfo[39m]: ✅ Prisma connected successfully.
2025-07-03 21:18:55 [[32minfo[39m]: ✅ Redis connected successfully.
2025-07-03 21:19:09 [[32minfo[39m]: Server is running on http://localhost:3000
2025-07-03 21:19:09 [[32minfo[39m]: ✅ Prisma connected successfully.
2025-07-03 21:19:09 [[32minfo[39m]: ✅ Redis connected successfully.
2025-07-03 21:19:20 [[32minfo[39m]: Server is running on http://localhost:3000
2025-07-03 21:19:20 [[32minfo[39m]: ✅ Prisma connected successfully.
2025-07-03 21:19:20 [[32minfo[39m]: ✅ Redis connected successfully.
2025-07-03 21:19:42 [[32minfo[39m]: Server is running on http://localhost:3000
2025-07-03 21:19:42 [[32minfo[39m]: ✅ Prisma connected successfully.
2025-07-03 21:19:42 [[32minfo[39m]: ✅ Redis connected successfully.
2025-07-03 21:19:48 [[32minfo[39m]: Server is running on http://localhost:3000
2025-07-03 21:19:48 [[32minfo[39m]: ✅ Prisma connected successfully.
2025-07-03 21:19:48 [[32minfo[39m]: ✅ Redis connected successfully.
2025-07-03 21:20:15 [[32minfo[39m]: Server is running on http://localhost:3000
2025-07-03 21:20:15 [[32minfo[39m]: ✅ Prisma connected successfully.
2025-07-03 21:20:15 [[32minfo[39m]: ✅ Redis connected successfully.
2025-07-03 21:20:47 [[32minfo[39m]: Server is running on http://localhost:3000
2025-07-03 21:20:47 [[32minfo[39m]: ✅ Prisma connected successfully.
2025-07-03 21:20:47 [[32minfo[39m]: ✅ Redis connected successfully.
2025-07-03 21:21:38 [[32minfo[39m]: Server is running on http://localhost:3000
2025-07-03 21:21:38 [[32minfo[39m]: ✅ Prisma connected successfully.
2025-07-03 21:21:38 [[32minfo[39m]: ✅ Redis connected successfully.
2025-07-03 21:22:40 [[32minfo[39m]: Server is running on http://localhost:3000
2025-07-03 21:22:40 [[32minfo[39m]: ✅ Prisma connected successfully.
2025-07-03 21:22:40 [[32minfo[39m]: ✅ Redis connected successfully.
2025-07-03 21:22:43 [[32minfo[39m]: Server is running on http://localhost:3000
2025-07-03 21:22:43 [[32minfo[39m]: ✅ Prisma connected successfully.
2025-07-03 21:22:43 [[32minfo[39m]: ✅ Redis connected successfully.
2025-07-03 21:22:53 [[32minfo[39m]: Server is running on http://localhost:3000
2025-07-03 21:22:53 [[32minfo[39m]: ✅ Prisma connected successfully.
2025-07-03 21:22:53 [[32minfo[39m]: ✅ Redis connected successfully.
2025-07-03 21:23:02 [[32minfo[39m]: Server is running on http://localhost:3000
2025-07-03 21:23:02 [[32minfo[39m]: ✅ Prisma connected successfully.
2025-07-03 21:23:02 [[32minfo[39m]: ✅ Redis connected successfully.
2025-07-03 21:23:27 [[32minfo[39m]: Server is running on http://localhost:3000
2025-07-03 21:23:27 [[32minfo[39m]: ✅ Prisma connected successfully.
2025-07-03 21:23:27 [[32minfo[39m]: ✅ Redis connected successfully.
2025-07-03 21:23:48 [[32minfo[39m]: Server is running on http://localhost:3000
2025-07-03 21:23:48 [[32minfo[39m]: ✅ Prisma connected successfully.
2025-07-03 21:23:48 [[32minfo[39m]: ✅ Redis connected successfully.
2025-07-03 21:24:07 [[32minfo[39m]: Server is running on http://localhost:3000
2025-07-03 21:24:07 [[32minfo[39m]: ✅ Prisma connected successfully.
2025-07-03 21:24:07 [[32minfo[39m]: ✅ Redis connected successfully.
2025-07-03 21:24:14 [[32minfo[39m]: Server is running on http://localhost:3000
2025-07-03 21:24:14 [[32minfo[39m]: ✅ Prisma connected successfully.
2025-07-03 21:24:14 [[32minfo[39m]: ✅ Redis connected successfully.
2025-07-03 21:24:50 [[32minfo[39m]: Server is running on http://localhost:3000
2025-07-03 21:24:50 [[32minfo[39m]: ✅ Prisma connected successfully.
2025-07-03 21:24:50 [[32minfo[39m]: ✅ Redis connected successfully.
2025-07-03 21:25:22 [[32minfo[39m]: Server is running on http://localhost:3000
2025-07-03 21:25:22 [[32minfo[39m]: ✅ Prisma connected successfully.
2025-07-03 21:25:22 [[32minfo[39m]: ✅ Redis connected successfully.
2025-07-03 21:25:57 [[32minfo[39m]: Server is running on http://localhost:3000
2025-07-03 21:25:57 [[32minfo[39m]: ✅ Prisma connected successfully.
2025-07-03 21:25:57 [[32minfo[39m]: ✅ Redis connected successfully.
2025-07-03 21:26:07 [[32minfo[39m]: Server is running on http://localhost:3000
2025-07-03 21:26:07 [[32minfo[39m]: ✅ Prisma connected successfully.
2025-07-03 21:26:07 [[32minfo[39m]: ✅ Redis connected successfully.
2025-07-03 21:26:10 [[32minfo[39m]: Server is running on http://localhost:3000
2025-07-03 21:26:10 [[32minfo[39m]: ✅ Prisma connected successfully.
2025-07-03 21:26:10 [[32minfo[39m]: ✅ Redis connected successfully.
2025-07-03 21:26:15 [[32minfo[39m]: Server is running on http://localhost:3000
2025-07-03 21:26:15 [[32minfo[39m]: ✅ Prisma connected successfully.
2025-07-03 21:26:15 [[32minfo[39m]: ✅ Redis connected successfully.
2025-07-03 21:26:36 [[32minfo[39m]: Server is running on http://localhost:3000
2025-07-03 21:26:36 [[32minfo[39m]: ✅ Prisma connected successfully.
2025-07-03 21:26:36 [[32minfo[39m]: ✅ Redis connected successfully.
2025-07-03 21:26:44 [[32minfo[39m]: Server is running on http://localhost:3000
2025-07-03 21:26:44 [[32minfo[39m]: ✅ Prisma connected successfully.
2025-07-03 21:26:44 [[32minfo[39m]: ✅ Redis connected successfully.
2025-07-03 21:27:06 [[32minfo[39m]: Server is running on http://localhost:3000
2025-07-03 21:27:06 [[32minfo[39m]: ✅ Prisma connected successfully.
2025-07-03 21:27:06 [[32minfo[39m]: ✅ Redis connected successfully.
2025-07-03 21:27:37 [[32minfo[39m]: Server is running on http://localhost:3000
2025-07-03 21:27:37 [[32minfo[39m]: ✅ Prisma connected successfully.
2025-07-03 21:27:37 [[32minfo[39m]: ✅ Redis connected successfully.
2025-07-03 21:28:28 [[32minfo[39m]: Server is running on http://localhost:3000
2025-07-03 21:28:28 [[32minfo[39m]: ✅ Prisma connected successfully.
2025-07-03 21:28:28 [[32minfo[39m]: ✅ Redis connected successfully.
2025-07-03 21:28:54 [[32minfo[39m]: Server is running on http://localhost:3000
2025-07-03 21:28:54 [[32minfo[39m]: ✅ Prisma connected successfully.
2025-07-03 21:28:54 [[32minfo[39m]: ✅ Redis connected successfully.
2025-07-03 21:29:53 [[32minfo[39m]: Server is running on http://localhost:3000
2025-07-03 21:29:53 [[32minfo[39m]: ✅ Prisma connected successfully.
2025-07-03 21:29:53 [[32minfo[39m]: ✅ Redis connected successfully.
2025-07-03 21:30:16 [[32minfo[39m]: Server is running on http://localhost:3000
2025-07-03 21:30:16 [[32minfo[39m]: ✅ Prisma connected successfully.
2025-07-03 21:30:16 [[32minfo[39m]: ✅ Redis connected successfully.
2025-07-03 21:30:36 [[32minfo[39m]: Server is running on http://localhost:3000
2025-07-03 21:30:36 [[32minfo[39m]: ✅ Prisma connected successfully.
2025-07-03 21:30:36 [[32minfo[39m]: ✅ Redis connected successfully.
2025-07-03 21:31:09 [[32minfo[39m]: Server is running on http://localhost:3000
2025-07-03 21:31:09 [[32minfo[39m]: ✅ Prisma connected successfully.
2025-07-03 21:31:09 [[32minfo[39m]: ✅ Redis connected successfully.
2025-07-03 21:32:34 [[32minfo[39m]: Server is running on http://localhost:3000
2025-07-03 21:32:34 [[32minfo[39m]: ✅ Prisma connected successfully.
2025-07-03 21:32:34 [[32minfo[39m]: ✅ Redis connected successfully.
2025-07-03 21:33:09 [[32minfo[39m]: Server is running on http://localhost:3000
2025-07-03 21:33:09 [[32minfo[39m]: ✅ Prisma connected successfully.
2025-07-03 21:33:09 [[32minfo[39m]: ✅ Redis connected successfully.
2025-07-03 21:33:56 [[32minfo[39m]: Server is running on http://localhost:3000
2025-07-03 21:33:56 [[32minfo[39m]: ✅ Prisma connected successfully.
2025-07-03 21:33:56 [[32minfo[39m]: ✅ Redis connected successfully.
2025-07-03 21:34:23 [[32minfo[39m]: Server is running on http://localhost:3000
2025-07-03 21:34:23 [[32minfo[39m]: ✅ Prisma connected successfully.
2025-07-03 21:34:23 [[32minfo[39m]: ✅ Redis connected successfully.
2025-07-03 21:34:32 [[32minfo[39m]: Server is running on http://localhost:3000
2025-07-03 21:34:32 [[32minfo[39m]: ✅ Prisma connected successfully.
2025-07-03 21:34:32 [[32minfo[39m]: ✅ Redis connected successfully.
2025-07-03 21:34:36 [[32minfo[39m]: Server is running on http://localhost:3000
2025-07-03 21:34:36 [[32minfo[39m]: ✅ Prisma connected successfully.
2025-07-03 21:34:36 [[32minfo[39m]: ✅ Redis connected successfully.
2025-07-03 21:34:55 [[32minfo[39m]: Server is running on http://localhost:3000
2025-07-03 21:34:55 [[32minfo[39m]: ✅ Prisma connected successfully.
2025-07-03 21:34:55 [[32minfo[39m]: ✅ Redis connected successfully.
2025-07-03 21:35:15 [[32minfo[39m]: Server is running on http://localhost:3000
2025-07-03 21:35:15 [[32minfo[39m]: ✅ Prisma connected successfully.
2025-07-03 21:35:15 [[32minfo[39m]: ✅ Redis connected successfully.
2025-07-03 21:35:27 [[32minfo[39m]: Server is running on http://localhost:3000
2025-07-03 21:35:27 [[32minfo[39m]: ✅ Prisma connected successfully.
2025-07-03 21:35:27 [[32minfo[39m]: ✅ Redis connected successfully.
2025-07-03 21:35:38 [[32minfo[39m]: Server is running on http://localhost:3000
2025-07-03 21:35:38 [[32minfo[39m]: ✅ Prisma connected successfully.
2025-07-03 21:35:38 [[32minfo[39m]: ✅ Redis connected successfully.
2025-07-03 21:41:02 [[32minfo[39m]: Server is running on http://localhost:3000
2025-07-03 21:41:02 [[32minfo[39m]: ✅ Prisma connected successfully.
2025-07-03 21:41:02 [[32minfo[39m]: ✅ Redis connected successfully.
2025-07-03 21:43:19 [[32minfo[39m]: Server is running on http://localhost:3000
2025-07-03 21:43:19 [[32minfo[39m]: ✅ Prisma connected successfully.
2025-07-03 21:43:19 [[32minfo[39m]: ✅ Redis connected successfully.
2025-07-03 21:43:27 [[32minfo[39m]: Server is running on http://localhost:3000
2025-07-03 21:43:27 [[32minfo[39m]: ✅ Prisma connected successfully.
2025-07-03 21:43:27 [[32minfo[39m]: ✅ Redis connected successfully.
2025-07-03 21:43:31 [[32minfo[39m]: Server is running on http://localhost:3000
2025-07-03 21:43:31 [[32minfo[39m]: ✅ Prisma connected successfully.
2025-07-03 21:43:31 [[32minfo[39m]: ✅ Redis connected successfully.
2025-07-03 21:44:22 [[32minfo[39m]: Server is running on http://localhost:3000
2025-07-03 21:44:22 [[32minfo[39m]: ✅ Prisma connected successfully.
2025-07-03 21:44:22 [[32minfo[39m]: ✅ Redis connected successfully.
2025-07-03 21:45:12 [[32minfo[39m]: Server is running on http://localhost:3000
2025-07-03 21:45:12 [[32minfo[39m]: ✅ Prisma connected successfully.
2025-07-03 21:45:12 [[32minfo[39m]: ✅ Redis connected successfully.
2025-07-03 21:45:25 [[32minfo[39m]: Server is running on http://localhost:3000
2025-07-03 21:45:25 [[32minfo[39m]: ✅ Prisma connected successfully.
2025-07-03 21:45:25 [[32minfo[39m]: ✅ Redis connected successfully.
2025-07-03 21:45:38 [[32minfo[39m]: Server is running on http://localhost:3000
2025-07-03 21:45:38 [[32minfo[39m]: ✅ Prisma connected successfully.
2025-07-03 21:45:38 [[32minfo[39m]: ✅ Redis connected successfully.
2025-07-03 21:46:26 [[32minfo[39m]: Server is running on http://localhost:3000
2025-07-03 21:46:26 [[32minfo[39m]: ✅ Prisma connected successfully.
2025-07-03 21:46:26 [[32minfo[39m]: ✅ Redis connected successfully.
2025-07-03 21:46:40 [[32minfo[39m]: Server is running on http://localhost:3000
2025-07-03 21:46:40 [[32minfo[39m]: ✅ Prisma connected successfully.
2025-07-03 21:46:40 [[32minfo[39m]: ✅ Redis connected successfully.
2025-07-03 21:47:13 [[32minfo[39m]: Server is running on http://localhost:3000
2025-07-03 21:47:13 [[32minfo[39m]: ✅ Prisma connected successfully.
2025-07-03 21:47:13 [[32minfo[39m]: ✅ Redis connected successfully.
2025-07-03 21:53:29 [[32minfo[39m]: Server is running on http://localhost:3000
2025-07-03 21:53:29 [[32minfo[39m]: ✅ Prisma connected successfully.
2025-07-03 21:53:29 [[32minfo[39m]: ✅ Redis connected successfully.
2025-07-03 21:53:38 [[32minfo[39m]: Server is running on http://localhost:3000
2025-07-03 21:53:38 [[32minfo[39m]: ✅ Prisma connected successfully.
2025-07-03 21:53:38 [[32minfo[39m]: ✅ Redis connected successfully.
2025-07-03 21:53:47 [[32minfo[39m]: Server is running on http://localhost:3000
2025-07-03 21:53:47 [[32minfo[39m]: ✅ Prisma connected successfully.
2025-07-03 21:53:47 [[32minfo[39m]: ✅ Redis connected successfully.
2025-07-03 21:53:54 [[32minfo[39m]: Server is running on http://localhost:3000
2025-07-03 21:53:54 [[32minfo[39m]: ✅ Prisma connected successfully.
2025-07-03 21:53:54 [[32minfo[39m]: ✅ Redis connected successfully.
2025-07-03 21:55:56 [[32minfo[39m]: Server is running on http://localhost:3000
2025-07-03 21:55:56 [[32minfo[39m]: ✅ Prisma connected successfully.
2025-07-03 21:55:56 [[32minfo[39m]: ✅ Redis connected successfully.
2025-07-03 21:57:59 [[32minfo[39m]: Server is running on http://localhost:3000
2025-07-03 21:57:59 [[32minfo[39m]: ✅ Prisma connected successfully.
2025-07-03 21:57:59 [[32minfo[39m]: ✅ Redis connected successfully.
2025-07-03 21:58:48 [[32minfo[39m]: Server is running on http://localhost:3000
2025-07-03 21:58:48 [[32minfo[39m]: ✅ Prisma connected successfully.
2025-07-03 21:58:48 [[32minfo[39m]: ✅ Redis connected successfully.
2025-07-03 21:59:16 [[32minfo[39m]: Server is running on http://localhost:3000
2025-07-03 21:59:16 [[32minfo[39m]: ✅ Prisma connected successfully.
2025-07-03 21:59:16 [[32minfo[39m]: ✅ Redis connected successfully.
2025-07-03 21:59:24 [[32minfo[39m]: Server is running on http://localhost:3000
2025-07-03 21:59:24 [[32minfo[39m]: ✅ Prisma connected successfully.
2025-07-03 21:59:24 [[32minfo[39m]: ✅ Redis connected successfully.
2025-07-03 21:59:39 [[32minfo[39m]: Server is running on http://localhost:3000
2025-07-03 21:59:39 [[32minfo[39m]: ✅ Prisma connected successfully.
2025-07-03 21:59:39 [[32minfo[39m]: ✅ Redis connected successfully.
2025-07-03 22:00:38 [[32minfo[39m]: Server is running on http://localhost:3000
2025-07-03 22:00:38 [[32minfo[39m]: ✅ Prisma connected successfully.
2025-07-03 22:00:38 [[32minfo[39m]: ✅ Redis connected successfully.
2025-07-03 22:00:46 [[32minfo[39m]: Server is running on http://localhost:3000
2025-07-03 22:00:46 [[32minfo[39m]: ✅ Prisma connected successfully.
2025-07-03 22:00:46 [[32minfo[39m]: ✅ Redis connected successfully.
2025-07-03 22:00:53 [[32minfo[39m]: Server is running on http://localhost:3000
2025-07-03 22:00:53 [[32minfo[39m]: ✅ Prisma connected successfully.
2025-07-03 22:00:53 [[32minfo[39m]: ✅ Redis connected successfully.
2025-07-03 22:01:01 [[32minfo[39m]: Server is running on http://localhost:3000
2025-07-03 22:01:01 [[32minfo[39m]: ✅ Prisma connected successfully.
2025-07-03 22:01:01 [[32minfo[39m]: ✅ Redis connected successfully.
2025-07-03 22:01:18 [[32minfo[39m]: Server is running on http://localhost:3000
2025-07-03 22:01:18 [[32minfo[39m]: ✅ Prisma connected successfully.
2025-07-03 22:01:18 [[32minfo[39m]: ✅ Redis connected successfully.
2025-07-03 22:02:42 [[32minfo[39m]: Server is running on http://localhost:3000
2025-07-03 22:02:42 [[32minfo[39m]: ✅ Prisma connected successfully.
2025-07-03 22:02:42 [[32minfo[39m]: ✅ Redis connected successfully.
2025-07-03 22:02:55 [[32minfo[39m]: Server is running on http://localhost:3000
2025-07-03 22:02:55 [[32minfo[39m]: ✅ Prisma connected successfully.
2025-07-03 22:02:55 [[32minfo[39m]: ✅ Redis connected successfully.
2025-07-03 22:03:00 [[32minfo[39m]: Server is running on http://localhost:3000
2025-07-03 22:03:00 [[32minfo[39m]: ✅ Prisma connected successfully.
2025-07-03 22:03:00 [[32minfo[39m]: ✅ Redis connected successfully.
2025-07-03 22:03:20 [[32minfo[39m]: Server is running on http://localhost:3000
2025-07-03 22:03:20 [[32minfo[39m]: ✅ Prisma connected successfully.
2025-07-03 22:03:20 [[32minfo[39m]: ✅ Redis connected successfully.
2025-07-03 22:03:33 [[32minfo[39m]: Server is running on http://localhost:3000
2025-07-03 22:03:33 [[32minfo[39m]: ✅ Prisma connected successfully.
2025-07-03 22:03:33 [[32minfo[39m]: ✅ Redis connected successfully.
2025-07-03 22:04:23 [[32minfo[39m]: Server is running on http://localhost:3000
2025-07-03 22:04:24 [[32minfo[39m]: ✅ Prisma connected successfully.
2025-07-03 22:04:24 [[32minfo[39m]: ✅ Redis connected successfully.
2025-07-03 22:05:06 [[32minfo[39m]: Server is running on http://localhost:3000
2025-07-03 22:05:06 [[32minfo[39m]: ✅ Prisma connected successfully.
2025-07-03 22:05:06 [[32minfo[39m]: ✅ Redis connected successfully.
2025-07-03 22:05:20 [[33mwarn[39m]: [ZOD VALIDATION ERROR]
2025-07-03 22:07:05 [[32minfo[39m]: Server is running on http://localhost:3000
2025-07-03 22:07:05 [[32minfo[39m]: ✅ Prisma connected successfully.
2025-07-03 22:07:05 [[32minfo[39m]: ✅ Redis connected successfully.
2025-07-03 22:09:02 [[33mwarn[39m]: [ZOD VALIDATION ERROR]
2025-07-03 22:11:46 [[32minfo[39m]: Server is running on http://localhost:3000
2025-07-03 22:11:46 [[32minfo[39m]: ✅ Prisma connected successfully.
2025-07-03 22:11:46 [[32minfo[39m]: ✅ Redis connected successfully.
2025-07-03 22:13:01 [[32minfo[39m]: Server is running on http://localhost:3000
2025-07-03 22:13:01 [[32minfo[39m]: ✅ Prisma connected successfully.
2025-07-03 22:13:01 [[32minfo[39m]: ✅ Redis connected successfully.
2025-07-03 22:13:08 [[32minfo[39m]: Server is running on http://localhost:3000
2025-07-03 22:13:08 [[32minfo[39m]: ✅ Prisma connected successfully.
2025-07-03 22:13:08 [[32minfo[39m]: ✅ Redis connected successfully.
2025-07-03 22:13:34 [[32minfo[39m]: Server is running on http://localhost:3000
2025-07-03 22:13:34 [[32minfo[39m]: ✅ Prisma connected successfully.
2025-07-03 22:13:34 [[32minfo[39m]: ✅ Redis connected successfully.
2025-07-03 22:13:40 [[32minfo[39m]: Server is running on http://localhost:3000
2025-07-03 22:13:40 [[32minfo[39m]: ✅ Prisma connected successfully.
2025-07-03 22:13:40 [[32minfo[39m]: ✅ Redis connected successfully.
2025-07-03 22:13:44 [[32minfo[39m]: Server is running on http://localhost:3000
2025-07-03 22:13:44 [[32minfo[39m]: ✅ Prisma connected successfully.
2025-07-03 22:13:44 [[32minfo[39m]: ✅ Redis connected successfully.
2025-07-03 22:14:21 [[32minfo[39m]: Server is running on http://localhost:3000
2025-07-03 22:14:21 [[32minfo[39m]: ✅ Prisma connected successfully.
2025-07-03 22:14:21 [[32minfo[39m]: ✅ Redis connected successfully.
2025-07-03 22:14:32 [[32minfo[39m]: Server is running on http://localhost:3000
2025-07-03 22:14:32 [[32minfo[39m]: ✅ Prisma connected successfully.
2025-07-03 22:14:32 [[32minfo[39m]: ✅ Redis connected successfully.
2025-07-03 22:14:43 [[32minfo[39m]: Server is running on http://localhost:3000
2025-07-03 22:14:43 [[32minfo[39m]: ✅ Prisma connected successfully.
2025-07-03 22:14:43 [[32minfo[39m]: ✅ Redis connected successfully.
2025-07-03 22:14:51 [[32minfo[39m]: Server is running on http://localhost:3000
2025-07-03 22:14:51 [[32minfo[39m]: ✅ Prisma connected successfully.
2025-07-03 22:14:51 [[32minfo[39m]: ✅ Redis connected successfully.
2025-07-03 22:18:40 [[32minfo[39m]: Server is running on http://localhost:3000
2025-07-03 22:18:40 [[32minfo[39m]: ✅ Prisma connected successfully.
2025-07-03 22:18:40 [[32minfo[39m]: ✅ Redis connected successfully.
2025-07-03 22:19:22 [[32minfo[39m]: Server is running on http://localhost:3000
2025-07-03 22:19:23 [[32minfo[39m]: ✅ Prisma connected successfully.
2025-07-03 22:19:23 [[32minfo[39m]: ✅ Redis connected successfully.
2025-07-03 22:20:53 [[32minfo[39m]: Server is running on http://localhost:3000
2025-07-03 22:20:53 [[32minfo[39m]: ✅ Prisma connected successfully.
2025-07-03 22:20:53 [[32minfo[39m]: ✅ Redis connected successfully.
2025-07-03 22:21:33 [[32minfo[39m]: Server is running on http://localhost:3000
2025-07-03 22:21:33 [[32minfo[39m]: ✅ Prisma connected successfully.
2025-07-03 22:21:33 [[32minfo[39m]: ✅ Redis connected successfully.
2025-07-03 22:21:42 [[32minfo[39m]: Server is running on http://localhost:3000
2025-07-03 22:21:42 [[32minfo[39m]: ✅ Prisma connected successfully.
2025-07-03 22:21:42 [[32minfo[39m]: ✅ Redis connected successfully.
2025-07-03 22:21:53 [[32minfo[39m]: Server is running on http://localhost:3000
2025-07-03 22:21:53 [[32minfo[39m]: ✅ Prisma connected successfully.
2025-07-03 22:21:53 [[32minfo[39m]: ✅ Redis connected successfully.
2025-07-03 22:22:03 [[32minfo[39m]: Server is running on http://localhost:3000
2025-07-03 22:22:03 [[32minfo[39m]: ✅ Prisma connected successfully.
2025-07-03 22:22:03 [[32minfo[39m]: ✅ Redis connected successfully.
2025-07-03 22:23:05 [[32minfo[39m]: Server is running on http://localhost:3000
2025-07-03 22:23:05 [[32minfo[39m]: ✅ Prisma connected successfully.
2025-07-03 22:23:05 [[32minfo[39m]: ✅ Redis connected successfully.
2025-07-03 22:23:13 [[32minfo[39m]: Server is running on http://localhost:3000
2025-07-03 22:23:13 [[32minfo[39m]: ✅ Prisma connected successfully.
2025-07-03 22:23:13 [[32minfo[39m]: ✅ Redis connected successfully.
2025-07-03 22:23:31 [[32minfo[39m]: Server is running on http://localhost:3000
2025-07-03 22:23:31 [[32minfo[39m]: ✅ Prisma connected successfully.
2025-07-03 22:23:31 [[32minfo[39m]: ✅ Redis connected successfully.
2025-07-03 22:23:52 [[32minfo[39m]: Server is running on http://localhost:3000
2025-07-03 22:23:52 [[32minfo[39m]: ✅ Prisma connected successfully.
2025-07-03 22:23:52 [[32minfo[39m]: ✅ Redis connected successfully.
2025-07-03 22:23:58 [[32minfo[39m]: Server is running on http://localhost:3000
2025-07-03 22:23:58 [[32minfo[39m]: ✅ Prisma connected successfully.
2025-07-03 22:23:58 [[32minfo[39m]: ✅ Redis connected successfully.
2025-07-03 22:24:09 [[32minfo[39m]: Server is running on http://localhost:3000
2025-07-03 22:24:09 [[32minfo[39m]: ✅ Prisma connected successfully.
2025-07-03 22:24:09 [[32minfo[39m]: ✅ Redis connected successfully.
2025-07-03 22:24:30 [[32minfo[39m]: Server is running on http://localhost:3000
2025-07-03 22:24:30 [[32minfo[39m]: ✅ Prisma connected successfully.
2025-07-03 22:24:30 [[32minfo[39m]: ✅ Redis connected successfully.
2025-07-03 22:30:49 [[32minfo[39m]: Server is running on http://localhost:3000
2025-07-03 22:30:49 [[32minfo[39m]: ✅ Prisma connected successfully.
2025-07-03 22:30:49 [[32minfo[39m]: ✅ Redis connected successfully.
2025-07-03 22:40:35 [[32minfo[39m]: Server is running on http://localhost:3000
2025-07-03 22:40:35 [[32minfo[39m]: ✅ Prisma connected successfully.
2025-07-03 22:40:35 [[32minfo[39m]: ✅ Redis connected successfully.
2025-07-03 22:42:16 [[32minfo[39m]: Server is running on http://localhost:3000
2025-07-03 22:42:16 [[32minfo[39m]: ✅ Prisma connected successfully.
2025-07-03 22:42:16 [[32minfo[39m]: ✅ Redis connected successfully.
2025-07-03 22:42:25 [[32minfo[39m]: Server is running on http://localhost:3000
2025-07-03 22:42:25 [[32minfo[39m]: ✅ Prisma connected successfully.
2025-07-03 22:42:25 [[32minfo[39m]: ✅ Redis connected successfully.
2025-07-03 22:42:40 [[32minfo[39m]: Welcome email sent to abdulrahmansaber120@gmail.com for user ASABNER.
2025-07-03 22:47:06 [[32minfo[39m]: Server is running on http://localhost:3000
2025-07-03 22:47:06 [[32minfo[39m]: ✅ Prisma connected successfully.
2025-07-03 22:47:06 [[32minfo[39m]: ✅ Redis connected successfully.
2025-07-03 22:47:20 [[32minfo[39m]: Server is running on http://localhost:3000
2025-07-03 22:47:20 [[32minfo[39m]: ✅ Prisma connected successfully.
2025-07-03 22:47:20 [[32minfo[39m]: ✅ Redis connected successfully.
2025-07-03 22:47:21 [[32minfo[39m]: [EMAIL] Email service initialized and connection verified successfully.
2025-07-03 22:47:23 [[31merror[39m]: [EMAIL] Failed to load email template: welcome-email
2025-07-03 22:47:23 [[31merror[39m]: [EMAIL] Failed to send template email to abdulrahmansaber120@gmail.com using template welcome-email:
2025-07-03 22:47:23 [[31merror[39m]: Failed to send welcome email to abdulrahmansaber120@gmail.com using template: Failed to send template email: Failed to load email template: welcome-email. ENOENT: no such file or directory, open 'D:\Web\Work\ahmed-hany\templates\emails\welcome-email.html'
2025-07-03 22:47:57 [[32minfo[39m]: Server is running on http://localhost:3000
2025-07-03 22:47:57 [[32minfo[39m]: ✅ Prisma connected successfully.
2025-07-03 22:47:57 [[32minfo[39m]: ✅ Redis connected successfully.
2025-07-03 22:47:58 [[32minfo[39m]: [EMAIL] Email service initialized and connection verified successfully.
2025-07-03 22:48:02 [[32minfo[39m]: Server is running on http://localhost:3000
2025-07-03 22:48:02 [[32minfo[39m]: ✅ Prisma connected successfully.
2025-07-03 22:48:02 [[32minfo[39m]: ✅ Redis connected successfully.
2025-07-03 22:48:03 [[31merror[39m]: [EMAIL] Failed to load email template: welcome-email
2025-07-03 22:48:03 [[31merror[39m]: [EMAIL] Failed to send template email to abdulrahmansaber120@gmail.com using template welcome-email:
2025-07-03 22:48:03 [[31merror[39m]: Failed to send welcome email to abdulrahmansaber120@gmail.com using template: Failed to send template email: Failed to load email template: welcome-email. ENOENT: no such file or directory, open 'D:\Web\Work\ahmed-hany\nursy-backend\templates\welcome-email.html'
2025-07-03 22:48:03 [[32minfo[39m]: [EMAIL] Email service initialized and connection verified successfully.
2025-07-03 22:48:13 [[32minfo[39m]: [EMAIL] HTML email sent to abdulrahmansaber120@gmail.com: <19b22350-bfbc-bd6e-8484-9c090872c070@your-app.com>
2025-07-03 22:48:13 [[32minfo[39m]: Welcome email sent to abdulrahmansaber120@gmail.com for user ASABNER using template.
2025-07-03 22:50:10 [[32minfo[39m]: Server is running on http://localhost:3000
2025-07-03 22:50:10 [[32minfo[39m]: ✅ Prisma connected successfully.
2025-07-03 22:50:10 [[32minfo[39m]: ✅ Redis connected successfully.
2025-07-03 22:50:11 [[32minfo[39m]: [EMAIL] Email service initialized and connection verified successfully.
2025-07-03 22:50:49 [[32minfo[39m]: Server is running on http://localhost:3000
2025-07-03 22:50:49 [[32minfo[39m]: ✅ Prisma connected successfully.
2025-07-03 22:50:49 [[32minfo[39m]: ✅ Redis connected successfully.
2025-07-03 22:50:50 [[32minfo[39m]: ✅  Email service initialized and connection verified successfully.
2025-07-03 22:51:38 [[32minfo[39m]: Server is running on http://localhost:3000
2025-07-03 22:51:38 [[32minfo[39m]: ✅ Prisma connected successfully.
2025-07-03 22:51:38 [[32minfo[39m]: ✅ Redis connected successfully.
2025-07-03 22:51:39 [[32minfo[39m]: ✅ Email service initialized and connection verified successfully.
2025-07-03 22:51:59 [[32minfo[39m]: Server is running on http://localhost:3000
2025-07-03 22:51:59 [[32minfo[39m]: ✅ Prisma connected successfully.
2025-07-03 22:51:59 [[32minfo[39m]: ✅ Redis connected successfully.
2025-07-03 22:51:59 [[32minfo[39m]: ✅ Email service initialized and connection verified successfully.
2025-07-03 22:52:08 [[32minfo[39m]: Server is running on http://localhost:3000
2025-07-03 22:52:08 [[32minfo[39m]: ✅ Prisma connected successfully.
2025-07-03 22:52:08 [[32minfo[39m]: ✅ Redis connected successfully.
2025-07-03 22:52:08 [[32minfo[39m]: ✅ Email service initialized and connection verified successfully.
2025-07-03 22:52:51 [[32minfo[39m]: Server is running on http://localhost:3000
2025-07-03 22:52:51 [[32minfo[39m]: ✅ Prisma connected successfully.
2025-07-03 22:52:51 [[32minfo[39m]: ✅ Redis connected successfully.
2025-07-03 22:52:52 [[32minfo[39m]: ✅ Email service initialized and connection verified successfully.
2025-07-03 22:53:47 [[32minfo[39m]: Server is running on http://localhost:3000
2025-07-03 22:53:47 [[32minfo[39m]: ✅ Prisma connected successfully.
2025-07-03 22:53:47 [[32minfo[39m]: ✅ Redis connected successfully.
2025-07-03 22:53:48 [[32minfo[39m]: ✅ Email service initialized and connection verified successfully.
2025-07-03 22:55:33 [[32minfo[39m]: Server is running on http://localhost:3000
2025-07-03 22:55:33 [[32minfo[39m]: ✅ Prisma connected successfully.
2025-07-03 22:55:33 [[32minfo[39m]: ✅ Redis connected successfully.
2025-07-03 22:55:33 [[32minfo[39m]: ✅ Email service initialized and connection verified successfully.
2025-07-03 22:56:13 [[32minfo[39m]: Server is running on http://localhost:3000
2025-07-03 22:56:13 [[32minfo[39m]: ✅ Prisma connected successfully.
2025-07-03 22:56:13 [[32minfo[39m]: ✅ Redis connected successfully.
2025-07-03 22:56:17 [[32minfo[39m]: Server is running on http://localhost:3000
2025-07-03 22:56:17 [[32minfo[39m]: ✅ Prisma connected successfully.
2025-07-03 22:56:17 [[32minfo[39m]: ✅ Redis connected successfully.
2025-07-03 22:56:23 [[32minfo[39m]: Server is running on http://localhost:3000
2025-07-03 22:56:23 [[32minfo[39m]: ✅ Prisma connected successfully.
2025-07-03 22:56:23 [[32minfo[39m]: ✅ Redis connected successfully.
2025-07-03 22:56:23 [[32minfo[39m]: ✅ Email service initialized and connection verified successfully.
2025-07-03 22:56:56 [[32minfo[39m]: Server is running on http://localhost:3000
2025-07-03 22:56:56 [[32minfo[39m]: ✅ Prisma connected successfully.
2025-07-03 22:56:56 [[32minfo[39m]: ✅ Redis connected successfully.
2025-07-03 22:56:57 [[32minfo[39m]: ✅ Email service initialized and connection verified successfully.
2025-07-03 22:57:13 [[32minfo[39m]: Server is running on http://localhost:3000
2025-07-03 22:57:13 [[32minfo[39m]: ✅ Prisma connected successfully.
2025-07-03 22:57:13 [[32minfo[39m]: ✅ Redis connected successfully.
2025-07-03 22:57:14 [[32minfo[39m]: ✅ Email service initialized and connection verified successfully.
2025-07-03 22:57:19 [[32minfo[39m]: Server is running on http://localhost:3000
2025-07-03 22:57:19 [[32minfo[39m]: ✅ Prisma connected successfully.
2025-07-03 22:57:19 [[32minfo[39m]: ✅ Redis connected successfully.
2025-07-03 22:57:19 [[32minfo[39m]: ✅ Email service initialized and connection verified successfully.
2025-07-03 22:57:42 [[32minfo[39m]: Server is running on http://localhost:3000
2025-07-03 22:57:42 [[32minfo[39m]: ✅ Prisma connected successfully.
2025-07-03 22:57:42 [[32minfo[39m]: ✅ Redis connected successfully.
2025-07-03 22:57:42 [[32minfo[39m]: ✅ Email service initialized and connection verified successfully.
2025-07-03 22:57:47 [[32minfo[39m]: Server is running on http://localhost:3000
2025-07-03 22:57:47 [[32minfo[39m]: ✅ Prisma connected successfully.
2025-07-03 22:57:47 [[32minfo[39m]: ✅ Redis connected successfully.
2025-07-03 22:57:47 [[32minfo[39m]: ✅ Email service initialized and connection verified successfully.
2025-07-03 22:57:55 [[32minfo[39m]: Server is running on http://localhost:3000
2025-07-03 22:57:55 [[32minfo[39m]: ✅ Prisma connected successfully.
2025-07-03 22:57:55 [[32minfo[39m]: ✅ Redis connected successfully.
2025-07-03 22:57:56 [[32minfo[39m]: ✅ Email service initialized and connection verified successfully.
2025-07-03 22:58:03 [[32minfo[39m]: Server is running on http://localhost:3000
2025-07-03 22:58:03 [[32minfo[39m]: ✅ Prisma connected successfully.
2025-07-03 22:58:03 [[32minfo[39m]: ✅ Redis connected successfully.
2025-07-03 22:58:04 [[32minfo[39m]: ✅ Email service initialized and connection verified successfully.
2025-07-03 22:58:28 [[32minfo[39m]: Server is running on http://localhost:3000
2025-07-03 22:58:28 [[32minfo[39m]: ✅ Prisma connected successfully.
2025-07-03 22:58:28 [[32minfo[39m]: ✅ Redis connected successfully.
2025-07-03 22:58:29 [[32minfo[39m]: ✅ Email service initialized and connection verified successfully.
2025-07-03 22:58:40 [[32minfo[39m]: Server is running on http://localhost:3000
2025-07-03 22:58:40 [[32minfo[39m]: ✅ Prisma connected successfully.
2025-07-03 22:58:40 [[32minfo[39m]: ✅ Redis connected successfully.
2025-07-03 22:58:41 [[32minfo[39m]: ✅ Email service initialized and connection verified successfully.
2025-07-03 22:59:47 [[32minfo[39m]: Server is running on http://localhost:3000
2025-07-03 22:59:47 [[32minfo[39m]: ✅ Prisma connected successfully.
2025-07-03 22:59:47 [[32minfo[39m]: ✅ Redis connected successfully.
2025-07-03 22:59:47 [[32minfo[39m]: ✅ Email service initialized and connection verified successfully.
2025-07-03 22:59:52 [[32minfo[39m]: Server is running on http://localhost:3000
2025-07-03 22:59:52 [[32minfo[39m]: ✅ Prisma connected successfully.
2025-07-03 22:59:52 [[32minfo[39m]: ✅ Redis connected successfully.
2025-07-03 22:59:52 [[32minfo[39m]: ✅ Email service initialized and connection verified successfully.
2025-07-03 23:00:36 [[32minfo[39m]: Server is running on http://localhost:3000
2025-07-03 23:00:36 [[32minfo[39m]: ✅ Prisma connected successfully.
2025-07-03 23:00:36 [[32minfo[39m]: ✅ Redis connected successfully.
2025-07-03 23:00:37 [[32minfo[39m]: ✅ Email service initialized and connection verified successfully.
2025-07-03 23:03:30 [[32minfo[39m]: Server is running on http://localhost:3000
2025-07-03 23:03:30 [[32minfo[39m]: ✅ Prisma connected successfully.
2025-07-03 23:03:30 [[32minfo[39m]: ✅ Redis connected successfully.
2025-07-03 23:03:31 [[32minfo[39m]: ✅ Email service initialized and connection verified successfully.
2025-07-03 23:03:48 [[32minfo[39m]: Server is running on http://localhost:3000
2025-07-03 23:03:48 [[32minfo[39m]: ✅ Prisma connected successfully.
2025-07-03 23:03:48 [[32minfo[39m]: ✅ Redis connected successfully.
2025-07-03 23:03:48 [[32minfo[39m]: ✅ Email service initialized and connection verified successfully.
2025-07-03 23:04:54 [[32minfo[39m]: Server is running on http://localhost:3000
2025-07-03 23:04:54 [[32minfo[39m]: ✅ Prisma connected successfully.
2025-07-03 23:04:54 [[32minfo[39m]: ✅ Redis connected successfully.
2025-07-03 23:04:55 [[32minfo[39m]: ✅ Email service initialized and connection verified successfully.
2025-07-03 23:05:10 [[32minfo[39m]: Server is running on http://localhost:3000
2025-07-03 23:05:10 [[32minfo[39m]: ✅ Prisma connected successfully.
2025-07-03 23:05:10 [[32minfo[39m]: ✅ Redis connected successfully.
2025-07-03 23:05:11 [[32minfo[39m]: ✅ Email service initialized and connection verified successfully.
2025-07-03 23:06:12 [[32minfo[39m]: Server is running on http://localhost:3000
2025-07-03 23:06:16 [[32minfo[39m]: Server is running on http://localhost:3000
2025-07-03 23:06:16 [[32minfo[39m]: ✅ Prisma connected successfully.
2025-07-03 23:06:16 [[32minfo[39m]: ✅ Redis connected successfully.
2025-07-03 23:06:17 [[32minfo[39m]: ✅ Email service initialized and connection verified successfully.
2025-07-03 23:06:54 [[32minfo[39m]: Server is running on http://localhost:3000
2025-07-03 23:06:54 [[32minfo[39m]: ✅ Prisma connected successfully.
2025-07-03 23:06:54 [[32minfo[39m]: ✅ Redis connected successfully.
2025-07-03 23:06:55 [[32minfo[39m]: ✅ Email service initialized and connection verified successfully.
2025-07-03 23:07:02 [[32minfo[39m]: Server is running on http://localhost:3000
2025-07-03 23:07:02 [[32minfo[39m]: ✅ Prisma connected successfully.
2025-07-03 23:07:02 [[32minfo[39m]: ✅ Redis connected successfully.
2025-07-03 23:07:03 [[32minfo[39m]: ✅ Email service initialized and connection verified successfully.
2025-07-03 23:07:16 [[32minfo[39m]: Server is running on http://localhost:3000
2025-07-03 23:07:16 [[32minfo[39m]: ✅ Prisma connected successfully.
2025-07-03 23:07:16 [[32minfo[39m]: ✅ Redis connected successfully.
2025-07-03 23:07:16 [[32minfo[39m]: ✅ Email service initialized and connection verified successfully.
2025-07-03 23:07:53 [[32minfo[39m]: Server is running on http://localhost:3000
2025-07-03 23:08:13 [[32minfo[39m]: Server is running on http://localhost:3000
2025-07-03 23:08:37 [[32minfo[39m]: Server is running on http://localhost:3000
2025-07-03 23:08:37 [[32minfo[39m]: ✅ Prisma connected successfully.
2025-07-03 23:08:37 [[32minfo[39m]: ✅ Redis connected successfully.
2025-07-03 23:08:37 [[32minfo[39m]: ✅ Email service initialized and connection verified successfully.
2025-07-03 23:09:04 [[32minfo[39m]: [JWT Service] Token signed successfully.
2025-07-03 23:10:52 [[32minfo[39m]: Server is running on http://localhost:3000
2025-07-03 23:10:52 [[32minfo[39m]: ✅ Prisma connected successfully.
2025-07-03 23:10:52 [[32minfo[39m]: ✅ Redis connected successfully.
2025-07-03 23:10:53 [[32minfo[39m]: ✅ Email service initialized and connection verified successfully.
2025-07-03 23:10:59 [[32minfo[39m]: Server is running on http://localhost:3000
2025-07-03 23:10:59 [[32minfo[39m]: ✅ Prisma connected successfully.
2025-07-03 23:10:59 [[32minfo[39m]: ✅ Redis connected successfully.
2025-07-03 23:11:00 [[32minfo[39m]: ✅ Email service initialized and connection verified successfully.
2025-07-03 23:11:14 [[32minfo[39m]: Server is running on http://localhost:3000
2025-07-03 23:11:14 [[32minfo[39m]: ✅ Prisma connected successfully.
2025-07-03 23:11:14 [[32minfo[39m]: ✅ Redis connected successfully.
2025-07-03 23:11:14 [[32minfo[39m]: ✅ Email service initialized and connection verified successfully.
2025-07-03 23:11:16 [[32minfo[39m]: [JWT Service] Token decoded successfully (without verification).
2025-07-03 23:11:35 [[32minfo[39m]: [JWT Service] Token signed successfully.
2025-07-03 23:11:45 [[32minfo[39m]: [JWT Service] Token decoded successfully (without verification).
2025-07-03 23:12:18 [[32minfo[39m]: Server is running on http://localhost:3000
2025-07-03 23:12:19 [[32minfo[39m]: ✅ Prisma connected successfully.
2025-07-03 23:12:19 [[32minfo[39m]: ✅ Redis connected successfully.
2025-07-03 23:12:19 [[32minfo[39m]: ✅ Email service initialized and connection verified successfully.
2025-07-03 23:28:51 [[32minfo[39m]: Server is running on http://localhost:3000
2025-07-03 23:28:51 [[32minfo[39m]: ✅ Prisma connected successfully.
2025-07-03 23:28:51 [[32minfo[39m]: ✅ Redis connected successfully.
2025-07-03 23:28:52 [[32minfo[39m]: ✅ Email service initialized and connection verified successfully.
2025-07-03 23:29:49 [[32minfo[39m]: Server is running on http://localhost:3000
2025-07-03 23:29:49 [[32minfo[39m]: ✅ Prisma connected successfully.
2025-07-03 23:29:49 [[32minfo[39m]: ✅ Redis connected successfully.
2025-07-03 23:29:50 [[32minfo[39m]: ✅ Email service initialized and connection verified successfully.
2025-07-03 23:29:56 [[32minfo[39m]: Server is running on http://localhost:3000
2025-07-03 23:29:56 [[32minfo[39m]: ✅ Prisma connected successfully.
2025-07-03 23:29:56 [[32minfo[39m]: ✅ Redis connected successfully.
2025-07-03 23:29:57 [[32minfo[39m]: ✅ Email service initialized and connection verified successfully.
2025-07-03 23:30:44 [[32minfo[39m]: Server is running on http://localhost:3000
2025-07-03 23:30:44 [[32minfo[39m]: ✅ Prisma connected successfully.
2025-07-03 23:30:44 [[32minfo[39m]: ✅ Redis connected successfully.
2025-07-03 23:30:45 [[32minfo[39m]: ✅ Email service initialized and connection verified successfully.
2025-07-03 23:30:56 [[32minfo[39m]: Server is running on http://localhost:3000
2025-07-03 23:30:56 [[32minfo[39m]: ✅ Prisma connected successfully.
2025-07-03 23:30:56 [[32minfo[39m]: ✅ Redis connected successfully.
2025-07-03 23:30:57 [[32minfo[39m]: ✅ Email service initialized and connection verified successfully.
2025-07-03 23:57:44 [[32minfo[39m]: Server is running on http://localhost:3000
2025-07-03 23:57:44 [[32minfo[39m]: ✅ Prisma connected successfully.
2025-07-03 23:57:44 [[32minfo[39m]: ✅ Redis connected successfully.
2025-07-03 23:57:45 [[32minfo[39m]: ✅ Email service initialized and connection verified successfully.
2025-07-03 23:58:22 [[32minfo[39m]: Server is running on http://localhost:3000
2025-07-03 23:58:22 [[32minfo[39m]: ✅ Prisma connected successfully.
2025-07-03 23:58:22 [[32minfo[39m]: ✅ Redis connected successfully.
2025-07-03 23:58:23 [[32minfo[39m]: ✅ Email service initialized and connection verified successfully.
2025-07-03 23:58:23 [[31merror[39m]: [JWT Service] Token verification failed:
2025-07-03 23:58:35 [[31merror[39m]: [JWT Service] Token verification failed:
2025-07-03 23:59:07 [[32minfo[39m]: Server is running on http://localhost:3000
2025-07-03 23:59:07 [[32minfo[39m]: ✅ Prisma connected successfully.
2025-07-03 23:59:07 [[32minfo[39m]: ✅ Redis connected successfully.
2025-07-03 23:59:08 [[32minfo[39m]: ✅ Email service initialized and connection verified successfully.
2025-07-04 00:01:19 [[32minfo[39m]: Server is running on http://localhost:3000
2025-07-04 00:01:19 [[32minfo[39m]: ✅ Prisma connected successfully.
2025-07-04 00:01:19 [[32minfo[39m]: ✅ Redis connected successfully.
2025-07-04 00:01:20 [[32minfo[39m]: ✅ Email service initialized and connection verified successfully.
