2025-07-27 12:45:41 [[31merror[39m]: uncaughtException: тип Unable to compile TypeScript:
[96msrc/bootstrap.ts[0m:[93m4[0m:[93m10[0m - [91merror[0m[90m TS2305: [0mModule '"./middleware/error-handler.middleware"' has no exported member 'handleUnhandledRejection'.

[7m4[0m import { handleUnhandledRejection, handleUncaughtException } from "./middleware/error-handler.middleware"
[7m [0m [91m         ~~~~~~~~~~~~~~~~~~~~~~~~[0m
[96msrc/bootstrap.ts[0m:[93m4[0m:[93m36[0m - [91merror[0m[90m TS2305: [0mModule '"./middleware/error-handler.middleware"' has no exported member 'handleUncaughtException'.

[7m4[0m import { handleUnhandledRejection, handleUncaughtException } from "./middleware/error-handler.middleware"
[7m [0m [91m                                   ~~~~~~~~~~~~~~~~~~~~~~~[0m

TSError: тип Unable to compile TypeScript:
[96msrc/bootstrap.ts[0m:[93m4[0m:[93m10[0m - [91merror[0m[90m TS2305: [0mModule '"./middleware/error-handler.middleware"' has no exported member 'handleUnhandledRejection'.

[7m4[0m import { handleUnhandledRejection, handleUncaughtException } from "./middleware/error-handler.middleware"
[7m [0m [91m         ~~~~~~~~~~~~~~~~~~~~~~~~[0m
[96msrc/bootstrap.ts[0m:[93m4[0m:[93m36[0m - [91merror[0m[90m TS2305: [0mModule '"./middleware/error-handler.middleware"' has no exported member 'handleUncaughtException'.

[7m4[0m import { handleUnhandledRejection, handleUncaughtException } from "./middleware/error-handler.middleware"
[7m [0m [91m                                   ~~~~~~~~~~~~~~~~~~~~~~~[0m

    at createTSError (D:\Web\Work\ahmed-hany\nursy-backend\node_modules\ts-node\src\index.ts:859:12)
    at reportTSError (D:\Web\Work\ahmed-hany\nursy-backend\node_modules\ts-node\src\index.ts:863:19)
    at getOutput (D:\Web\Work\ahmed-hany\nursy-backend\node_modules\ts-node\src\index.ts:1077:36)
    at Object.compile (D:\Web\Work\ahmed-hany\nursy-backend\node_modules\ts-node\src\index.ts:1433:41)
    at Module.m._compile (D:\Web\Work\ahmed-hany\nursy-backend\node_modules\ts-node\src\index.ts:1617:30)
    at Module._extensions..js (node:internal/modules/cjs/loader:1435:10)
    at Object.require.extensions.<computed> [as .ts] (D:\Web\Work\ahmed-hany\nursy-backend\node_modules\ts-node\src\index.ts:1621:12)
    at Module.load (node:internal/modules/cjs/loader:1207:32)
    at Function.Module._load (node:internal/modules/cjs/loader:1023:12)
    at Module.require (node:internal/modules/cjs/loader:1235:19)
2025-07-27 13:47:21 [[31merror[39m]: uncaughtException: тип Unable to compile TypeScript:
[96msrc/controllers/socket/chats-socket.controller.ts[0m:[93m16[0m:[93m43[0m - [91merror[0m[90m TS2304: [0mCannot find name 'JoinChatPayload'.

[7m16[0m     socket.on("joinChat", async (payload: JoinChatPayload) => {
[7m  [0m [91m                                          ~~~~~~~~~~~~~~~[0m
[96msrc/controllers/socket/chats-socket.controller.ts[0m:[93m19[0m:[93m28[0m - [91merror[0m[90m TS2304: [0mCannot find name 'prisma'.

[7m19[0m         const chat = await prisma.chat.findUnique({
[7m  [0m [91m                           ~~~~~~[0m
[96msrc/controllers/socket/chats-socket.controller.ts[0m:[93m55[0m:[93m31[0m - [91merror[0m[90m TS2304: [0mCannot find name 'prisma'.

[7m55[0m         const message = await prisma.message.create({
[7m  [0m [91m                              ~~~~~~[0m

TSError: тип Unable to compile TypeScript:
[96msrc/controllers/socket/chats-socket.controller.ts[0m:[93m16[0m:[93m43[0m - [91merror[0m[90m TS2304: [0mCannot find name 'JoinChatPayload'.

[7m16[0m     socket.on("joinChat", async (payload: JoinChatPayload) => {
[7m  [0m [91m                                          ~~~~~~~~~~~~~~~[0m
[96msrc/controllers/socket/chats-socket.controller.ts[0m:[93m19[0m:[93m28[0m - [91merror[0m[90m TS2304: [0mCannot find name 'prisma'.

[7m19[0m         const chat = await prisma.chat.findUnique({
[7m  [0m [91m                           ~~~~~~[0m
[96msrc/controllers/socket/chats-socket.controller.ts[0m:[93m55[0m:[93m31[0m - [91merror[0m[90m TS2304: [0mCannot find name 'prisma'.

[7m55[0m         const message = await prisma.message.create({
[7m  [0m [91m                              ~~~~~~[0m

    at createTSError (D:\Web\Work\ahmed-hany\nursy-backend\node_modules\ts-node\src\index.ts:859:12)
    at reportTSError (D:\Web\Work\ahmed-hany\nursy-backend\node_modules\ts-node\src\index.ts:863:19)
    at getOutput (D:\Web\Work\ahmed-hany\nursy-backend\node_modules\ts-node\src\index.ts:1077:36)
    at Object.compile (D:\Web\Work\ahmed-hany\nursy-backend\node_modules\ts-node\src\index.ts:1433:41)
    at Module.m._compile (D:\Web\Work\ahmed-hany\nursy-backend\node_modules\ts-node\src\index.ts:1617:30)
    at Module._extensions..js (node:internal/modules/cjs/loader:1435:10)
    at Object.require.extensions.<computed> [as .ts] (D:\Web\Work\ahmed-hany\nursy-backend\node_modules\ts-node\src\index.ts:1621:12)
    at Module.load (node:internal/modules/cjs/loader:1207:32)
    at Function.Module._load (node:internal/modules/cjs/loader:1023:12)
    at Module.require (node:internal/modules/cjs/loader:1235:19)
2025-07-27 13:47:29 [[31merror[39m]: uncaughtException: тип Unable to compile TypeScript:
[96msrc/controllers/socket/chats-socket.controller.ts[0m:[93m16[0m:[93m43[0m - [91merror[0m[90m TS2304: [0mCannot find name 'JoinChatPayload'.

[7m16[0m     socket.on("joinChat", async (payload: JoinChatPayload) => {
[7m  [0m [91m                                          ~~~~~~~~~~~~~~~[0m
[96msrc/controllers/socket/chats-socket.controller.ts[0m:[93m19[0m:[93m28[0m - [91merror[0m[90m TS2304: [0mCannot find name 'prisma'.

[7m19[0m         const chat = await prisma.chat.findUnique({
[7m  [0m [91m                           ~~~~~~[0m
[96msrc/controllers/socket/chats-socket.controller.ts[0m:[93m55[0m:[93m31[0m - [91merror[0m[90m TS2304: [0mCannot find name 'prisma'.

[7m55[0m         const message = await prisma.message.create({
[7m  [0m [91m                              ~~~~~~[0m

TSError: тип Unable to compile TypeScript:
[96msrc/controllers/socket/chats-socket.controller.ts[0m:[93m16[0m:[93m43[0m - [91merror[0m[90m TS2304: [0mCannot find name 'JoinChatPayload'.

[7m16[0m     socket.on("joinChat", async (payload: JoinChatPayload) => {
[7m  [0m [91m                                          ~~~~~~~~~~~~~~~[0m
[96msrc/controllers/socket/chats-socket.controller.ts[0m:[93m19[0m:[93m28[0m - [91merror[0m[90m TS2304: [0mCannot find name 'prisma'.

[7m19[0m         const chat = await prisma.chat.findUnique({
[7m  [0m [91m                           ~~~~~~[0m
[96msrc/controllers/socket/chats-socket.controller.ts[0m:[93m55[0m:[93m31[0m - [91merror[0m[90m TS2304: [0mCannot find name 'prisma'.

[7m55[0m         const message = await prisma.message.create({
[7m  [0m [91m                              ~~~~~~[0m

    at createTSError (D:\Web\Work\ahmed-hany\nursy-backend\node_modules\ts-node\src\index.ts:859:12)
    at reportTSError (D:\Web\Work\ahmed-hany\nursy-backend\node_modules\ts-node\src\index.ts:863:19)
    at getOutput (D:\Web\Work\ahmed-hany\nursy-backend\node_modules\ts-node\src\index.ts:1077:36)
    at Object.compile (D:\Web\Work\ahmed-hany\nursy-backend\node_modules\ts-node\src\index.ts:1433:41)
    at Module.m._compile (D:\Web\Work\ahmed-hany\nursy-backend\node_modules\ts-node\src\index.ts:1617:30)
    at Module._extensions..js (node:internal/modules/cjs/loader:1435:10)
    at Object.require.extensions.<computed> [as .ts] (D:\Web\Work\ahmed-hany\nursy-backend\node_modules\ts-node\src\index.ts:1621:12)
    at Module.load (node:internal/modules/cjs/loader:1207:32)
    at Function.Module._load (node:internal/modules/cjs/loader:1023:12)
    at Module.require (node:internal/modules/cjs/loader:1235:19)
2025-07-27 13:47:47 [[31merror[39m]: uncaughtException: тип Unable to compile TypeScript:
[96msrc/controllers/socket/chats-socket.controller.ts[0m:[93m18[0m:[93m43[0m - [91merror[0m[90m TS2304: [0mCannot find name 'JoinChatPayload'.

[7m18[0m     socket.on("joinChat", async (payload: JoinChatPayload) => {
[7m  [0m [91m                                          ~~~~~~~~~~~~~~~[0m

TSError: тип Unable to compile TypeScript:
[96msrc/controllers/socket/chats-socket.controller.ts[0m:[93m18[0m:[93m43[0m - [91merror[0m[90m TS2304: [0mCannot find name 'JoinChatPayload'.

[7m18[0m     socket.on("joinChat", async (payload: JoinChatPayload) => {
[7m  [0m [91m                                          ~~~~~~~~~~~~~~~[0m

    at createTSError (D:\Web\Work\ahmed-hany\nursy-backend\node_modules\ts-node\src\index.ts:859:12)
    at reportTSError (D:\Web\Work\ahmed-hany\nursy-backend\node_modules\ts-node\src\index.ts:863:19)
    at getOutput (D:\Web\Work\ahmed-hany\nursy-backend\node_modules\ts-node\src\index.ts:1077:36)
    at Object.compile (D:\Web\Work\ahmed-hany\nursy-backend\node_modules\ts-node\src\index.ts:1433:41)
    at Module.m._compile (D:\Web\Work\ahmed-hany\nursy-backend\node_modules\ts-node\src\index.ts:1617:30)
    at Module._extensions..js (node:internal/modules/cjs/loader:1435:10)
    at Object.require.extensions.<computed> [as .ts] (D:\Web\Work\ahmed-hany\nursy-backend\node_modules\ts-node\src\index.ts:1621:12)
    at Module.load (node:internal/modules/cjs/loader:1207:32)
    at Function.Module._load (node:internal/modules/cjs/loader:1023:12)
    at Module.require (node:internal/modules/cjs/loader:1235:19)
2025-07-27 13:50:51 [[31merror[39m]: uncaughtException: тип Unable to compile TypeScript:
[96msrc/services/socket.service.ts[0m:[93m4[0m:[93m8[0m - [91merror[0m[90m TS1192: [0mModule '"D:/Web/Work/ahmed-hany/nursy-backend/src/controllers/socket/chats-socket.controller"' has no default export.

[7m4[0m import ChatsSocketController from "../controllers/socket/chats-socket.controller"
[7m [0m [91m       ~~~~~~~~~~~~~~~~~~~~~[0m

TSError: тип Unable to compile TypeScript:
[96msrc/services/socket.service.ts[0m:[93m4[0m:[93m8[0m - [91merror[0m[90m TS1192: [0mModule '"D:/Web/Work/ahmed-hany/nursy-backend/src/controllers/socket/chats-socket.controller"' has no default export.

[7m4[0m import ChatsSocketController from "../controllers/socket/chats-socket.controller"
[7m [0m [91m       ~~~~~~~~~~~~~~~~~~~~~[0m

    at createTSError (D:\Web\Work\ahmed-hany\nursy-backend\node_modules\ts-node\src\index.ts:859:12)
    at reportTSError (D:\Web\Work\ahmed-hany\nursy-backend\node_modules\ts-node\src\index.ts:863:19)
    at getOutput (D:\Web\Work\ahmed-hany\nursy-backend\node_modules\ts-node\src\index.ts:1077:36)
    at Object.compile (D:\Web\Work\ahmed-hany\nursy-backend\node_modules\ts-node\src\index.ts:1433:41)
    at Module.m._compile (D:\Web\Work\ahmed-hany\nursy-backend\node_modules\ts-node\src\index.ts:1617:30)
    at Module._extensions..js (node:internal/modules/cjs/loader:1435:10)
    at Object.require.extensions.<computed> [as .ts] (D:\Web\Work\ahmed-hany\nursy-backend\node_modules\ts-node\src\index.ts:1621:12)
    at Module.load (node:internal/modules/cjs/loader:1207:32)
    at Function.Module._load (node:internal/modules/cjs/loader:1023:12)
    at Module.require (node:internal/modules/cjs/loader:1235:19)
2025-07-27 13:50:57 [[31merror[39m]: uncaughtException: тип Unable to compile TypeScript:
[96msrc/services/socket.service.ts[0m:[93m4[0m:[93m8[0m - [91merror[0m[90m TS1192: [0mModule '"D:/Web/Work/ahmed-hany/nursy-backend/src/controllers/socket/chats-socket.controller"' has no default export.

[7m4[0m import ChatsSocketController from "../controllers/socket/chats-socket.controller"
[7m [0m [91m       ~~~~~~~~~~~~~~~~~~~~~[0m

TSError: тип Unable to compile TypeScript:
[96msrc/services/socket.service.ts[0m:[93m4[0m:[93m8[0m - [91merror[0m[90m TS1192: [0mModule '"D:/Web/Work/ahmed-hany/nursy-backend/src/controllers/socket/chats-socket.controller"' has no default export.

[7m4[0m import ChatsSocketController from "../controllers/socket/chats-socket.controller"
[7m [0m [91m       ~~~~~~~~~~~~~~~~~~~~~[0m

    at createTSError (D:\Web\Work\ahmed-hany\nursy-backend\node_modules\ts-node\src\index.ts:859:12)
    at reportTSError (D:\Web\Work\ahmed-hany\nursy-backend\node_modules\ts-node\src\index.ts:863:19)
    at getOutput (D:\Web\Work\ahmed-hany\nursy-backend\node_modules\ts-node\src\index.ts:1077:36)
    at Object.compile (D:\Web\Work\ahmed-hany\nursy-backend\node_modules\ts-node\src\index.ts:1433:41)
    at Module.m._compile (D:\Web\Work\ahmed-hany\nursy-backend\node_modules\ts-node\src\index.ts:1617:30)
    at Module._extensions..js (node:internal/modules/cjs/loader:1435:10)
    at Object.require.extensions.<computed> [as .ts] (D:\Web\Work\ahmed-hany\nursy-backend\node_modules\ts-node\src\index.ts:1621:12)
    at Module.load (node:internal/modules/cjs/loader:1207:32)
    at Function.Module._load (node:internal/modules/cjs/loader:1023:12)
    at Module.require (node:internal/modules/cjs/loader:1235:19)
2025-07-27 13:51:09 [[31merror[39m]: uncaughtException: тип Unable to compile TypeScript:
[96msrc/services/socket.service.ts[0m:[93m4[0m:[93m8[0m - [91merror[0m[90m TS1192: [0mModule '"D:/Web/Work/ahmed-hany/nursy-backend/src/controllers/socket/chats-socket.controller"' has no default export.

[7m4[0m import ChatsSocketController from "../controllers/socket/chats-socket.controller"
[7m [0m [91m       ~~~~~~~~~~~~~~~~~~~~~[0m

TSError: тип Unable to compile TypeScript:
[96msrc/services/socket.service.ts[0m:[93m4[0m:[93m8[0m - [91merror[0m[90m TS1192: [0mModule '"D:/Web/Work/ahmed-hany/nursy-backend/src/controllers/socket/chats-socket.controller"' has no default export.

[7m4[0m import ChatsSocketController from "../controllers/socket/chats-socket.controller"
[7m [0m [91m       ~~~~~~~~~~~~~~~~~~~~~[0m

    at createTSError (D:\Web\Work\ahmed-hany\nursy-backend\node_modules\ts-node\src\index.ts:859:12)
    at reportTSError (D:\Web\Work\ahmed-hany\nursy-backend\node_modules\ts-node\src\index.ts:863:19)
    at getOutput (D:\Web\Work\ahmed-hany\nursy-backend\node_modules\ts-node\src\index.ts:1077:36)
    at Object.compile (D:\Web\Work\ahmed-hany\nursy-backend\node_modules\ts-node\src\index.ts:1433:41)
    at Module.m._compile (D:\Web\Work\ahmed-hany\nursy-backend\node_modules\ts-node\src\index.ts:1617:30)
    at Module._extensions..js (node:internal/modules/cjs/loader:1435:10)
    at Object.require.extensions.<computed> [as .ts] (D:\Web\Work\ahmed-hany\nursy-backend\node_modules\ts-node\src\index.ts:1621:12)
    at Module.load (node:internal/modules/cjs/loader:1207:32)
    at Function.Module._load (node:internal/modules/cjs/loader:1023:12)
    at Module.require (node:internal/modules/cjs/loader:1235:19)
2025-07-27 13:51:48 [[31merror[39m]: uncaughtException: тип Unable to compile TypeScript:
[96msrc/services/socket.service.ts[0m:[93m4[0m:[93m8[0m - [91merror[0m[90m TS1192: [0mModule '"D:/Web/Work/ahmed-hany/nursy-backend/src/controllers/socket/chats-socket.controller"' has no default export.

[7m4[0m import ChatsSocketController from "../controllers/socket/chats-socket.controller"
[7m [0m [91m       ~~~~~~~~~~~~~~~~~~~~~[0m

TSError: тип Unable to compile TypeScript:
[96msrc/services/socket.service.ts[0m:[93m4[0m:[93m8[0m - [91merror[0m[90m TS1192: [0mModule '"D:/Web/Work/ahmed-hany/nursy-backend/src/controllers/socket/chats-socket.controller"' has no default export.

[7m4[0m import ChatsSocketController from "../controllers/socket/chats-socket.controller"
[7m [0m [91m       ~~~~~~~~~~~~~~~~~~~~~[0m

    at createTSError (D:\Web\Work\ahmed-hany\nursy-backend\node_modules\ts-node\src\index.ts:859:12)
    at reportTSError (D:\Web\Work\ahmed-hany\nursy-backend\node_modules\ts-node\src\index.ts:863:19)
    at getOutput (D:\Web\Work\ahmed-hany\nursy-backend\node_modules\ts-node\src\index.ts:1077:36)
    at Object.compile (D:\Web\Work\ahmed-hany\nursy-backend\node_modules\ts-node\src\index.ts:1433:41)
    at Module.m._compile (D:\Web\Work\ahmed-hany\nursy-backend\node_modules\ts-node\src\index.ts:1617:30)
    at Module._extensions..js (node:internal/modules/cjs/loader:1435:10)
    at Object.require.extensions.<computed> [as .ts] (D:\Web\Work\ahmed-hany\nursy-backend\node_modules\ts-node\src\index.ts:1621:12)
    at Module.load (node:internal/modules/cjs/loader:1207:32)
    at Function.Module._load (node:internal/modules/cjs/loader:1023:12)
    at Module.require (node:internal/modules/cjs/loader:1235:19)
2025-07-27 13:51:53 [[31merror[39m]: uncaughtException: тип Unable to compile TypeScript:
[96msrc/services/socket.service.ts[0m:[93m4[0m:[93m8[0m - [91merror[0m[90m TS1192: [0mModule '"D:/Web/Work/ahmed-hany/nursy-backend/src/controllers/socket/chats-socket.controller"' has no default export.

[7m4[0m import ChatsSocketController from "../controllers/socket/chats-socket.controller"
[7m [0m [91m       ~~~~~~~~~~~~~~~~~~~~~[0m

TSError: тип Unable to compile TypeScript:
[96msrc/services/socket.service.ts[0m:[93m4[0m:[93m8[0m - [91merror[0m[90m TS1192: [0mModule '"D:/Web/Work/ahmed-hany/nursy-backend/src/controllers/socket/chats-socket.controller"' has no default export.

[7m4[0m import ChatsSocketController from "../controllers/socket/chats-socket.controller"
[7m [0m [91m       ~~~~~~~~~~~~~~~~~~~~~[0m

    at createTSError (D:\Web\Work\ahmed-hany\nursy-backend\node_modules\ts-node\src\index.ts:859:12)
    at reportTSError (D:\Web\Work\ahmed-hany\nursy-backend\node_modules\ts-node\src\index.ts:863:19)
    at getOutput (D:\Web\Work\ahmed-hany\nursy-backend\node_modules\ts-node\src\index.ts:1077:36)
    at Object.compile (D:\Web\Work\ahmed-hany\nursy-backend\node_modules\ts-node\src\index.ts:1433:41)
    at Module.m._compile (D:\Web\Work\ahmed-hany\nursy-backend\node_modules\ts-node\src\index.ts:1617:30)
    at Module._extensions..js (node:internal/modules/cjs/loader:1435:10)
    at Object.require.extensions.<computed> [as .ts] (D:\Web\Work\ahmed-hany\nursy-backend\node_modules\ts-node\src\index.ts:1621:12)
    at Module.load (node:internal/modules/cjs/loader:1207:32)
    at Function.Module._load (node:internal/modules/cjs/loader:1023:12)
    at Module.require (node:internal/modules/cjs/loader:1235:19)
2025-07-27 13:52:47 [[31merror[39m]: uncaughtException: тип Unable to compile TypeScript:
[96msrc/controllers/socket/chats-socket.controller.ts[0m:[93m32[0m:[93m24[0m - [91merror[0m[90m TS2304: [0mCannot find name 'prisma'.

[7m32[0m     const chat = await prisma.chat.findUnique({
[7m  [0m [91m                       ~~~~~~[0m
[96msrc/controllers/socket/chats-socket.controller.ts[0m:[93m84[0m:[93m31[0m - [91merror[0m[90m TS2304: [0mCannot find name 'prisma'.

[7m84[0m         const message = await prisma.message.create({
[7m  [0m [91m                              ~~~~~~[0m

TSError: тип Unable to compile TypeScript:
[96msrc/controllers/socket/chats-socket.controller.ts[0m:[93m32[0m:[93m24[0m - [91merror[0m[90m TS2304: [0mCannot find name 'prisma'.

[7m32[0m     const chat = await prisma.chat.findUnique({
[7m  [0m [91m                       ~~~~~~[0m
[96msrc/controllers/socket/chats-socket.controller.ts[0m:[93m84[0m:[93m31[0m - [91merror[0m[90m TS2304: [0mCannot find name 'prisma'.

[7m84[0m         const message = await prisma.message.create({
[7m  [0m [91m                              ~~~~~~[0m

    at createTSError (D:\Web\Work\ahmed-hany\nursy-backend\node_modules\ts-node\src\index.ts:859:12)
    at reportTSError (D:\Web\Work\ahmed-hany\nursy-backend\node_modules\ts-node\src\index.ts:863:19)
    at getOutput (D:\Web\Work\ahmed-hany\nursy-backend\node_modules\ts-node\src\index.ts:1077:36)
    at Object.compile (D:\Web\Work\ahmed-hany\nursy-backend\node_modules\ts-node\src\index.ts:1433:41)
    at Module.m._compile (D:\Web\Work\ahmed-hany\nursy-backend\node_modules\ts-node\src\index.ts:1617:30)
    at Module._extensions..js (node:internal/modules/cjs/loader:1435:10)
    at Object.require.extensions.<computed> [as .ts] (D:\Web\Work\ahmed-hany\nursy-backend\node_modules\ts-node\src\index.ts:1621:12)
    at Module.load (node:internal/modules/cjs/loader:1207:32)
    at Function.Module._load (node:internal/modules/cjs/loader:1023:12)
    at Module.require (node:internal/modules/cjs/loader:1235:19)
